2023-12-15 15:31:13, INFO: finding looplift candidates
2023-12-15 15:31:13, INFO: finding looplift candidates
2023-12-15 15:31:13, INFO: finding looplift candidates
2023-12-15 15:31:13, INFO: finding looplift candidates
2023-12-15 15:31:13, INFO: finding looplift candidates
2023-12-15 15:31:13, INFO: finding looplift candidates
2023-12-15 15:31:13, INFO: finding looplift candidates
2023-12-15 15:31:13, INFO: finding looplift candidates
2023-12-15 15:31:13, INFO: finding looplift candidates
2023-12-15 15:31:13, INFO: finding looplift candidates
2023-12-15 15:31:13, INFO: finding looplift candidates
2023-12-15 15:31:13, INFO: finding looplift candidates
2023-12-15 15:31:34, INFO: Updates 20, num timesteps 7560, FPS 370 
 Last 67 training episodes: mean/median reward -0.6/1.0, min/max reward -43.7/21.7, 

2023-12-15 15:31:55, INFO: Updates 40, num timesteps 14760, FPS 358 
 Last 100 training episodes: mean/median reward 2.6/2.1, min/max reward -3.9/21.4, 

2023-12-15 15:32:14, INFO: Updates 60, num timesteps 21960, FPS 366 
 Last 100 training episodes: mean/median reward 3.1/1.8, min/max reward -4.0/22.0, 

2023-12-15 15:32:33, INFO: Updates 80, num timesteps 29160, FPS 366 
 Last 100 training episodes: mean/median reward 4.6/2.6, min/max reward -4.9/22.4, 

2023-12-15 15:32:53, INFO: Updates 100, num timesteps 36360, FPS 368 
 Last 100 training episodes: mean/median reward 5.0/2.6, min/max reward -2.6/23.1, 

2023-12-15 15:33:12, INFO: Updates 120, num timesteps 43560, FPS 369 
 Last 100 training episodes: mean/median reward 6.6/3.5, min/max reward -1.7/23.3, 

2023-12-15 15:33:32, INFO: Updates 140, num timesteps 50760, FPS 367 
 Last 100 training episodes: mean/median reward 3.4/1.8, min/max reward -5.1/23.2, 

2023-12-15 15:33:51, INFO: Updates 160, num timesteps 57960, FPS 368 
 Last 100 training episodes: mean/median reward 4.9/3.0, min/max reward -3.8/22.4, 

2023-12-15 15:34:11, INFO: Updates 180, num timesteps 65160, FPS 368 
 Last 100 training episodes: mean/median reward 4.6/2.7, min/max reward -4.7/22.6, 

2023-12-15 15:34:30, INFO: Updates 200, num timesteps 72360, FPS 369 
 Last 100 training episodes: mean/median reward 6.2/3.3, min/max reward -2.7/23.2, 

2023-12-15 15:34:49, INFO: Updates 220, num timesteps 79560, FPS 370 
 Last 100 training episodes: mean/median reward 7.0/3.5, min/max reward -3.2/22.9, 

2023-12-15 15:35:09, INFO: Updates 240, num timesteps 86760, FPS 369 
 Last 100 training episodes: mean/median reward 5.2/2.7, min/max reward -3.3/22.6, 

2023-12-15 15:35:29, INFO: Updates 260, num timesteps 93960, FPS 368 
 Last 100 training episodes: mean/median reward 6.2/3.0, min/max reward -2.1/22.6, 

2023-12-15 15:35:49, INFO: Updates 280, num timesteps 101160, FPS 368 
 Last 100 training episodes: mean/median reward 6.5/3.3, min/max reward -3.6/22.7, 

2023-12-15 15:36:08, INFO: Updates 300, num timesteps 108360, FPS 368 
 Last 100 training episodes: mean/median reward 8.4/4.1, min/max reward -1.3/22.7, 

2023-12-15 15:36:27, INFO: Updates 320, num timesteps 115560, FPS 368 
 Last 100 training episodes: mean/median reward 9.1/4.3, min/max reward -3.9/23.0, 

2023-12-15 15:36:47, INFO: Updates 340, num timesteps 122760, FPS 368 
 Last 100 training episodes: mean/median reward 9.0/4.2, min/max reward -3.9/23.0, 

2023-12-15 15:37:06, INFO: Updates 360, num timesteps 129960, FPS 368 
 Last 100 training episodes: mean/median reward 7.6/3.7, min/max reward -3.3/23.0, 

2023-12-15 15:37:25, INFO: Updates 380, num timesteps 137160, FPS 369 
 Last 100 training episodes: mean/median reward 6.7/3.3, min/max reward -5.0/23.3, 

2023-12-15 15:37:45, INFO: finding looplift candidates
2023-12-15 15:38:57, INFO: VAL   has success rate: 0.51, collision rate: 0.49, timeout rate: 0.00, nav time (mean/var): 19.09/78.23, total reward: 10.3507
2023-12-15 15:38:57, INFO: Frequency of being in danger: 0.04 and average min separate distance in danger: 0.14
2023-12-15 15:38:57, INFO: VAL   has average path length (mean/var): 12.95/19.36
2023-12-15 15:38:57, INFO: Collision cases: 0 4 7 13 15 16 17 19 22 24 25 26 28 29 31 34 37 40 41 43 44 47 49 51 52 53 55 56 57 60 61 65 70 74 76 78 79 80 81 83 84 85 89 90 91 94 95 96 97
2023-12-15 15:38:57, INFO: Timeout cases: 
2023-12-15 15:38:57, INFO: Updates 400, num timesteps 144360, FPS 311 
 Last 100 training episodes: mean/median reward 8.2/3.6, min/max reward -3.9/22.9, 

2023-12-15 15:39:16, INFO: Updates 420, num timesteps 151560, FPS 314 
 Last 100 training episodes: mean/median reward 8.4/3.9, min/max reward -1.5/23.2, 

2023-12-15 15:39:36, INFO: Updates 440, num timesteps 158760, FPS 316 
 Last 100 training episodes: mean/median reward 7.4/3.7, min/max reward -2.5/22.9, 

2023-12-15 15:39:57, INFO: Updates 460, num timesteps 165960, FPS 317 
 Last 100 training episodes: mean/median reward 8.6/4.2, min/max reward -3.0/23.0, 

2023-12-15 15:40:18, INFO: Updates 480, num timesteps 173160, FPS 318 
 Last 100 training episodes: mean/median reward 10.5/5.7, min/max reward -2.6/23.3, 

2023-12-15 15:40:39, INFO: Updates 500, num timesteps 180360, FPS 319 
 Last 100 training episodes: mean/median reward 10.7/5.3, min/max reward -2.8/22.9, 

2023-12-15 15:40:59, INFO: Updates 520, num timesteps 187560, FPS 320 
 Last 100 training episodes: mean/median reward 11.7/6.8, min/max reward -2.5/23.2, 

2023-12-15 15:41:19, INFO: Updates 540, num timesteps 194760, FPS 322 
 Last 100 training episodes: mean/median reward 11.8/6.0, min/max reward -7.3/22.9, 

2023-12-15 15:41:39, INFO: Updates 560, num timesteps 201960, FPS 323 
 Last 100 training episodes: mean/median reward 10.6/4.8, min/max reward -3.0/22.9, 

2023-12-15 15:41:59, INFO: Updates 580, num timesteps 209160, FPS 324 
 Last 100 training episodes: mean/median reward 11.6/5.6, min/max reward -1.9/23.3, 

2023-12-15 15:42:18, INFO: Updates 600, num timesteps 216360, FPS 325 
 Last 100 training episodes: mean/median reward 12.0/6.3, min/max reward -1.3/23.1, 

2023-12-15 15:42:38, INFO: Updates 620, num timesteps 223560, FPS 326 
 Last 100 training episodes: mean/median reward 10.1/5.2, min/max reward -2.0/22.7, 

2023-12-15 15:42:59, INFO: Updates 640, num timesteps 230760, FPS 327 
 Last 100 training episodes: mean/median reward 9.8/4.8, min/max reward -3.1/23.4, 

2023-12-15 15:43:18, INFO: Updates 660, num timesteps 237960, FPS 328 
 Last 100 training episodes: mean/median reward 11.7/5.7, min/max reward -0.3/23.0, 

2023-12-15 15:43:38, INFO: Updates 680, num timesteps 245160, FPS 329 
 Last 100 training episodes: mean/median reward 10.2/4.8, min/max reward -2.8/22.7, 

2023-12-15 15:43:57, INFO: Updates 700, num timesteps 252360, FPS 330 
 Last 100 training episodes: mean/median reward 12.7/18.6, min/max reward -4.3/23.2, 

2023-12-15 15:44:16, INFO: Updates 720, num timesteps 259560, FPS 331 
 Last 100 training episodes: mean/median reward 15.0/21.4, min/max reward -3.9/23.1, 

2023-12-15 15:44:35, INFO: Updates 740, num timesteps 266760, FPS 332 
 Last 100 training episodes: mean/median reward 11.9/6.4, min/max reward -2.0/23.1, 

2023-12-15 15:44:56, INFO: Updates 760, num timesteps 273960, FPS 333 
 Last 100 training episodes: mean/median reward 12.2/11.8, min/max reward -2.2/23.0, 

2023-12-15 15:45:17, INFO: Updates 780, num timesteps 281160, FPS 333 
 Last 100 training episodes: mean/median reward 13.4/20.2, min/max reward -2.6/22.9, 

2023-12-15 15:46:27, INFO: VAL   has success rate: 0.49, collision rate: 0.51, timeout rate: 0.00, nav time (mean/var): 12.13/16.46, total reward: 10.7250
2023-12-15 15:46:27, INFO: Frequency of being in danger: 0.06 and average min separate distance in danger: 0.14
2023-12-15 15:46:27, INFO: VAL   has average path length (mean/var): 11.15/6.83
2023-12-15 15:46:27, INFO: Collision cases: 0 1 3 7 11 12 14 15 19 20 21 24 26 28 30 31 32 37 43 44 49 50 51 52 53 59 60 61 63 65 67 68 70 71 73 74 75 76 80 81 83 85 86 87 89 90 91 93 94 97 99
2023-12-15 15:46:27, INFO: Timeout cases: 
2023-12-15 15:46:27, INFO: Updates 800, num timesteps 288360, FPS 315 
 Last 100 training episodes: mean/median reward 12.5/18.7, min/max reward -4.4/22.6, 

2023-12-15 15:46:46, INFO: Updates 820, num timesteps 295560, FPS 317 
 Last 100 training episodes: mean/median reward 12.9/20.2, min/max reward -2.4/23.0, 

2023-12-15 15:47:06, INFO: Updates 840, num timesteps 302760, FPS 318 
 Last 100 training episodes: mean/median reward 13.1/19.8, min/max reward -1.5/23.3, 

2023-12-15 15:47:27, INFO: Updates 860, num timesteps 309960, FPS 318 
 Last 100 training episodes: mean/median reward 12.4/14.2, min/max reward -1.6/23.1, 

2023-12-15 15:47:48, INFO: Updates 880, num timesteps 317160, FPS 318 
 Last 100 training episodes: mean/median reward 12.7/19.6, min/max reward -1.6/22.7, 

2023-12-15 15:48:08, INFO: Updates 900, num timesteps 324360, FPS 319 
 Last 100 training episodes: mean/median reward 11.9/6.3, min/max reward -2.6/23.1, 

2023-12-15 15:48:29, INFO: Updates 920, num timesteps 331560, FPS 320 
 Last 100 training episodes: mean/median reward 13.1/19.7, min/max reward -1.3/22.9, 

2023-12-15 15:48:49, INFO: Updates 940, num timesteps 338760, FPS 321 
 Last 100 training episodes: mean/median reward 12.5/19.0, min/max reward -2.3/23.0, 

2023-12-15 15:49:09, INFO: Updates 960, num timesteps 345960, FPS 321 
 Last 100 training episodes: mean/median reward 12.4/18.3, min/max reward -6.6/22.8, 

2023-12-15 15:49:28, INFO: Updates 980, num timesteps 353160, FPS 322 
 Last 100 training episodes: mean/median reward 12.1/6.7, min/max reward -0.3/23.3, 

2023-12-15 15:49:47, INFO: Updates 1000, num timesteps 360360, FPS 323 
 Last 100 training episodes: mean/median reward 10.1/5.1, min/max reward -3.2/23.0, 

2023-12-15 15:50:07, INFO: Updates 1020, num timesteps 367560, FPS 324 
 Last 100 training episodes: mean/median reward 12.9/19.8, min/max reward -4.4/22.9, 

2023-12-15 15:50:27, INFO: Updates 1040, num timesteps 374760, FPS 324 
 Last 100 training episodes: mean/median reward 13.9/20.7, min/max reward -1.6/23.3, 

2023-12-15 15:50:47, INFO: Updates 1060, num timesteps 381960, FPS 325 
 Last 100 training episodes: mean/median reward 10.0/4.8, min/max reward -2.2/23.3, 

2023-12-15 15:51:07, INFO: Updates 1080, num timesteps 389160, FPS 326 
 Last 100 training episodes: mean/median reward 13.2/20.5, min/max reward -2.3/23.3, 

2023-12-15 15:51:28, INFO: Updates 1100, num timesteps 396360, FPS 326 
 Last 100 training episodes: mean/median reward 11.6/5.9, min/max reward -1.9/23.1, 

2023-12-15 15:51:48, INFO: Updates 1120, num timesteps 403560, FPS 327 
 Last 100 training episodes: mean/median reward 11.5/5.4, min/max reward -2.1/23.1, 

2023-12-15 15:52:08, INFO: Updates 1140, num timesteps 410760, FPS 327 
 Last 100 training episodes: mean/median reward 13.1/19.8, min/max reward -1.0/23.2, 

2023-12-15 15:52:28, INFO: Updates 1160, num timesteps 417960, FPS 328 
 Last 100 training episodes: mean/median reward 14.4/20.9, min/max reward -2.9/22.7, 

2023-12-15 15:52:48, INFO: Updates 1180, num timesteps 425160, FPS 328 
 Last 100 training episodes: mean/median reward 11.7/5.5, min/max reward 0.8/23.1, 

2023-12-15 15:54:27, INFO: VAL   has success rate: 0.76, collision rate: 0.24, timeout rate: 0.00, nav time (mean/var): 17.53/24.29, total reward: 13.8966
2023-12-15 15:54:27, INFO: Frequency of being in danger: 0.03 and average min separate distance in danger: 0.15
2023-12-15 15:54:27, INFO: VAL   has average path length (mean/var): 13.52/14.02
2023-12-15 15:54:27, INFO: Collision cases: 4 11 13 18 21 27 29 30 38 41 44 53 57 58 60 63 68 69 75 77 79 92 97 98
2023-12-15 15:54:27, INFO: Timeout cases: 
2023-12-15 15:54:27, INFO: Updates 1200, num timesteps 432360, FPS 310 
 Last 100 training episodes: mean/median reward 13.0/21.0, min/max reward -4.0/22.8, 

2023-12-15 15:54:47, INFO: Updates 1220, num timesteps 439560, FPS 310 
 Last 100 training episodes: mean/median reward 12.3/14.9, min/max reward -1.8/23.1, 

2023-12-15 15:55:07, INFO: Updates 1240, num timesteps 446760, FPS 311 
 Last 100 training episodes: mean/median reward 12.7/20.6, min/max reward -2.7/22.9, 

2023-12-15 15:55:27, INFO: Updates 1260, num timesteps 453960, FPS 312 
 Last 100 training episodes: mean/median reward 14.2/20.9, min/max reward -0.8/23.0, 

2023-12-15 15:55:47, INFO: Updates 1280, num timesteps 461160, FPS 313 
 Last 100 training episodes: mean/median reward 13.3/20.6, min/max reward -2.5/22.9, 

2023-12-15 15:56:07, INFO: Updates 1300, num timesteps 468360, FPS 313 
 Last 100 training episodes: mean/median reward 14.9/21.3, min/max reward -2.6/23.1, 

2023-12-15 15:56:26, INFO: Updates 1320, num timesteps 475560, FPS 314 
 Last 100 training episodes: mean/median reward 13.5/20.5, min/max reward -1.7/23.1, 

2023-12-15 15:56:46, INFO: Updates 1340, num timesteps 482760, FPS 315 
 Last 100 training episodes: mean/median reward 13.6/20.5, min/max reward -1.6/22.8, 

2023-12-15 15:57:05, INFO: Updates 1360, num timesteps 489960, FPS 315 
 Last 100 training episodes: mean/median reward 14.2/20.8, min/max reward -1.1/23.3, 

2023-12-15 15:57:25, INFO: Updates 1380, num timesteps 497160, FPS 316 
 Last 100 training episodes: mean/median reward 12.0/6.7, min/max reward -3.2/23.1, 

2023-12-15 15:57:45, INFO: Updates 1400, num timesteps 504360, FPS 317 
 Last 100 training episodes: mean/median reward 15.4/21.1, min/max reward -3.7/23.4, 

2023-12-15 15:58:05, INFO: Updates 1420, num timesteps 511560, FPS 317 
 Last 100 training episodes: mean/median reward 13.0/19.4, min/max reward -1.2/23.3, 

2023-12-15 15:58:24, INFO: Updates 1440, num timesteps 518760, FPS 318 
 Last 100 training episodes: mean/median reward 12.3/19.8, min/max reward -2.6/23.1, 

2023-12-15 15:58:43, INFO: Updates 1460, num timesteps 525960, FPS 318 
 Last 100 training episodes: mean/median reward 13.9/21.2, min/max reward -1.7/23.2, 

2023-12-15 15:59:03, INFO: Updates 1480, num timesteps 533160, FPS 319 
 Last 100 training episodes: mean/median reward 12.4/19.4, min/max reward -5.2/23.1, 

2023-12-15 15:59:23, INFO: Updates 1500, num timesteps 540360, FPS 319 
 Last 100 training episodes: mean/median reward 14.6/21.2, min/max reward -2.1/23.3, 

2023-12-15 15:59:42, INFO: Updates 1520, num timesteps 547560, FPS 320 
 Last 100 training episodes: mean/median reward 16.1/21.2, min/max reward -3.2/23.2, 

2023-12-15 16:00:01, INFO: Updates 1540, num timesteps 554760, FPS 321 
 Last 100 training episodes: mean/median reward 15.1/20.7, min/max reward -2.3/23.2, 

2023-12-15 16:00:20, INFO: Updates 1560, num timesteps 561960, FPS 321 
 Last 100 training episodes: mean/median reward 15.9/21.4, min/max reward -2.9/23.3, 

2023-12-15 16:00:40, INFO: Updates 1580, num timesteps 569160, FPS 322 
 Last 100 training episodes: mean/median reward 16.9/21.4, min/max reward -2.3/23.3, 

2023-12-15 16:02:35, INFO: VAL   has success rate: 0.85, collision rate: 0.13, timeout rate: 0.02, nav time (mean/var): 19.94/75.52, total reward: 14.9705
2023-12-15 16:02:35, INFO: Frequency of being in danger: 0.02 and average min separate distance in danger: 0.16
2023-12-15 16:02:35, INFO: VAL   has average path length (mean/var): 16.72/34.39
2023-12-15 16:02:35, INFO: Collision cases: 18 19 45 49 53 59 60 70 78 80 83 87 93
2023-12-15 16:02:35, INFO: Timeout cases: 30 63
2023-12-15 16:02:35, INFO: Updates 1600, num timesteps 576360, FPS 306 
 Last 100 training episodes: mean/median reward 14.9/21.2, min/max reward -3.2/23.1, 

2023-12-15 16:05:09, INFO: finding looplift candidates
2023-12-15 16:05:09, INFO: finding looplift candidates
2023-12-15 16:05:09, INFO: finding looplift candidates
2023-12-15 16:05:09, INFO: finding looplift candidates
2023-12-15 16:05:10, INFO: finding looplift candidates
2023-12-15 16:05:10, INFO: finding looplift candidates
2023-12-15 16:05:10, INFO: finding looplift candidates
2023-12-15 16:05:11, INFO: finding looplift candidates
2023-12-15 16:05:11, INFO: finding looplift candidates
2023-12-15 16:05:12, INFO: finding looplift candidates
2023-12-15 16:05:12, INFO: finding looplift candidates
2023-12-15 16:05:12, INFO: finding looplift candidates
2023-12-15 16:21:13, INFO: finding looplift candidates
2023-12-15 16:21:13, INFO: finding looplift candidates
2023-12-15 16:21:13, INFO: finding looplift candidates
2023-12-15 16:21:13, INFO: finding looplift candidates
2023-12-15 16:21:13, INFO: finding looplift candidates
2023-12-15 16:21:13, INFO: finding looplift candidates
2023-12-15 16:21:14, INFO: finding looplift candidates
2023-12-15 16:21:14, INFO: finding looplift candidates
2023-12-15 16:21:15, INFO: finding looplift candidates
2023-12-15 16:21:15, INFO: finding looplift candidates
2023-12-15 16:21:16, INFO: finding looplift candidates
2023-12-15 16:21:16, INFO: finding looplift candidates
2023-12-15 16:22:02, INFO: finding looplift candidates
2023-12-15 16:22:02, INFO: finding looplift candidates
2023-12-15 16:22:02, INFO: finding looplift candidates
2023-12-15 16:22:02, INFO: finding looplift candidates
2023-12-15 16:22:02, INFO: finding looplift candidates
2023-12-15 16:22:02, INFO: finding looplift candidates
2023-12-15 16:22:03, INFO: finding looplift candidates
2023-12-15 16:22:03, INFO: finding looplift candidates
2023-12-15 16:22:04, INFO: finding looplift candidates
2023-12-15 16:22:04, INFO: finding looplift candidates
2023-12-15 16:22:04, INFO: finding looplift candidates
2023-12-15 16:22:05, INFO: finding looplift candidates
2023-12-15 16:22:52, INFO: finding looplift candidates
2023-12-15 16:22:52, INFO: finding looplift candidates
2023-12-15 16:22:52, INFO: finding looplift candidates
2023-12-15 16:22:52, INFO: finding looplift candidates
2023-12-15 16:22:52, INFO: finding looplift candidates
2023-12-15 16:22:52, INFO: finding looplift candidates
2023-12-15 16:22:53, INFO: finding looplift candidates
2023-12-15 16:22:53, INFO: finding looplift candidates
2023-12-15 16:22:54, INFO: finding looplift candidates
2023-12-15 16:22:54, INFO: finding looplift candidates
2023-12-15 16:22:54, INFO: finding looplift candidates
2023-12-15 16:22:55, INFO: finding looplift candidates
2023-12-15 16:23:19, INFO: Updates 20, num timesteps 7560, FPS 337 
 Last 100 training episodes: mean/median reward 3.7/2.6, min/max reward -5.0/22.2, 

2023-12-15 16:31:34, INFO: finding looplift candidates
2023-12-15 16:31:34, INFO: finding looplift candidates
2023-12-15 16:31:34, INFO: finding looplift candidates
2023-12-15 16:31:34, INFO: finding looplift candidates
2023-12-15 16:31:34, INFO: finding looplift candidates
2023-12-15 16:31:34, INFO: finding looplift candidates
2023-12-15 16:31:35, INFO: finding looplift candidates
2023-12-15 16:31:35, INFO: finding looplift candidates
2023-12-15 16:31:35, INFO: finding looplift candidates
2023-12-15 16:31:36, INFO: finding looplift candidates
2023-12-15 16:31:36, INFO: finding looplift candidates
2023-12-15 16:31:37, INFO: finding looplift candidates
2023-12-15 16:32:00, INFO: Updates 20, num timesteps 7560, FPS 355 
 Last 100 training episodes: mean/median reward 4.3/3.4, min/max reward -29.7/22.3, 

2023-12-15 16:33:21, INFO: finding looplift candidates
2023-12-15 16:33:21, INFO: finding looplift candidates
2023-12-15 16:33:21, INFO: finding looplift candidates
2023-12-15 16:33:21, INFO: finding looplift candidates
2023-12-15 16:33:21, INFO: finding looplift candidates
2023-12-15 16:33:21, INFO: finding looplift candidates
2023-12-15 16:33:22, INFO: finding looplift candidates
2023-12-15 16:33:22, INFO: finding looplift candidates
2023-12-15 16:33:22, INFO: finding looplift candidates
2023-12-15 16:33:23, INFO: finding looplift candidates
2023-12-15 16:33:23, INFO: finding looplift candidates
2023-12-15 16:33:24, INFO: finding looplift candidates
2023-12-15 16:33:47, INFO: Updates 20, num timesteps 7560, FPS 353 
 Last 100 training episodes: mean/median reward 4.3/3.4, min/max reward -29.7/22.3, 

2023-12-15 16:35:13, INFO: finding looplift candidates
2023-12-15 16:35:13, INFO: finding looplift candidates
2023-12-15 16:35:13, INFO: finding looplift candidates
2023-12-15 16:35:13, INFO: finding looplift candidates
2023-12-15 16:35:13, INFO: finding looplift candidates
2023-12-15 16:35:13, INFO: finding looplift candidates
2023-12-15 16:35:14, INFO: finding looplift candidates
2023-12-15 16:35:14, INFO: finding looplift candidates
2023-12-15 16:35:14, INFO: finding looplift candidates
2023-12-15 16:35:15, INFO: finding looplift candidates
2023-12-15 16:35:15, INFO: finding looplift candidates
2023-12-15 16:35:15, INFO: finding looplift candidates
2023-12-15 16:38:45, INFO: finding looplift candidates
2023-12-15 16:38:45, INFO: finding looplift candidates
2023-12-15 16:38:45, INFO: finding looplift candidates
2023-12-15 16:38:45, INFO: finding looplift candidates
2023-12-15 16:38:45, INFO: finding looplift candidates
2023-12-15 16:38:46, INFO: finding looplift candidates
2023-12-15 16:38:46, INFO: finding looplift candidates
2023-12-15 16:38:47, INFO: finding looplift candidates
2023-12-15 16:38:47, INFO: finding looplift candidates
2023-12-15 16:38:47, INFO: finding looplift candidates
2023-12-15 16:38:48, INFO: finding looplift candidates
2023-12-15 16:38:48, INFO: finding looplift candidates
2023-12-15 16:39:11, INFO: Updates 20, num timesteps 7560, FPS 353 
 Last 100 training episodes: mean/median reward 4.3/3.4, min/max reward -29.7/22.3, 

2023-12-15 16:40:12, INFO: finding looplift candidates
2023-12-15 16:40:12, INFO: finding looplift candidates
2023-12-15 16:40:12, INFO: finding looplift candidates
2023-12-15 16:40:12, INFO: finding looplift candidates
2023-12-15 16:40:12, INFO: finding looplift candidates
2023-12-15 16:40:13, INFO: finding looplift candidates
2023-12-15 16:40:13, INFO: finding looplift candidates
2023-12-15 16:40:14, INFO: finding looplift candidates
2023-12-15 16:40:14, INFO: finding looplift candidates
2023-12-15 16:40:14, INFO: finding looplift candidates
2023-12-15 16:40:15, INFO: finding looplift candidates
2023-12-15 16:40:15, INFO: finding looplift candidates
2023-12-15 16:41:49, INFO: Updates 20, num timesteps 7560, FPS 82 
 Last 100 training episodes: mean/median reward 4.3/3.4, min/max reward -29.7/22.3, 

2023-12-15 16:43:49, INFO: finding looplift candidates
2023-12-15 16:43:49, INFO: finding looplift candidates
2023-12-15 16:43:49, INFO: finding looplift candidates
2023-12-15 16:43:49, INFO: finding looplift candidates
2023-12-15 16:43:49, INFO: finding looplift candidates
2023-12-15 16:43:50, INFO: finding looplift candidates
2023-12-15 16:43:50, INFO: finding looplift candidates
2023-12-15 16:43:51, INFO: finding looplift candidates
2023-12-15 16:43:51, INFO: finding looplift candidates
2023-12-15 16:43:51, INFO: finding looplift candidates
2023-12-15 16:43:52, INFO: finding looplift candidates
2023-12-15 16:43:52, INFO: finding looplift candidates
2023-12-15 17:01:35, INFO: finding looplift candidates
2023-12-15 17:01:35, INFO: finding looplift candidates
2023-12-15 17:01:35, INFO: finding looplift candidates
2023-12-15 17:01:35, INFO: finding looplift candidates
2023-12-15 17:01:35, INFO: finding looplift candidates
2023-12-15 17:01:35, INFO: finding looplift candidates
2023-12-15 17:01:35, INFO: finding looplift candidates
2023-12-15 17:01:35, INFO: finding looplift candidates
2023-12-15 17:01:35, INFO: finding looplift candidates
2023-12-15 17:01:35, INFO: finding looplift candidates
2023-12-15 17:01:35, INFO: finding looplift candidates
2023-12-15 17:01:35, INFO: finding looplift candidates
2023-12-15 17:02:28, INFO: finding looplift candidates
2023-12-15 17:02:28, INFO: finding looplift candidates
2023-12-15 17:02:28, INFO: finding looplift candidates
2023-12-15 17:02:28, INFO: finding looplift candidates
2023-12-15 17:02:28, INFO: finding looplift candidates
2023-12-15 17:02:29, INFO: finding looplift candidates
2023-12-15 17:02:29, INFO: finding looplift candidates
2023-12-15 17:02:30, INFO: finding looplift candidates
2023-12-15 17:02:30, INFO: finding looplift candidates
2023-12-15 17:02:30, INFO: finding looplift candidates
2023-12-15 17:02:31, INFO: finding looplift candidates
2023-12-15 17:02:31, INFO: finding looplift candidates
